<?xml version="1.0" encoding="UTF-8"?>
<!-- Generated by org.testng.reporters.JUnitXMLReporter -->
<testsuite ignored="0" hostname="TARUN" failures="0" tests="14" name="Command line test" time="299.284" errors="0" timestamp="01 Feb 2022 10:16:36 GMT">
  <testcase classname="com.crm.genericlib.BaseClassAnnotation" name="@BeforeMethod configBM" time="0.032">
    <failure type="org.openqa.selenium.NoSuchElementException" message="no such element: Unable to locate element: {&amp;quot;method&amp;quot;:&amp;quot;css selector&amp;quot;,&amp;quot;selector&amp;quot;:&amp;quot;*[name=&amp;apos;user_name&amp;apos;]&amp;quot;}
  (Session info: chrome=97.0.4692.99)
For documentation on this error, please visit: https://www.seleniumhq.org/exceptions/no_such_element.html
Build info: version: &amp;apos;3.141.59&amp;apos;, revision: &amp;apos;e82be7d358&amp;apos;, time: &amp;apos;2018-11-14T08:17:03&amp;apos;
System info: host: &amp;apos;TARUN&amp;apos;, ip: &amp;apos;192.168.131.52&amp;apos;, os.name: &amp;apos;Windows 10&amp;apos;, os.arch: &amp;apos;amd64&amp;apos;, os.version: &amp;apos;10.0&amp;apos;, java.version: &amp;apos;17&amp;apos;
Driver info: org.openqa.selenium.chrome.ChromeDriver
Capabilities {acceptInsecureCerts: false, browserName: chrome, browserVersion: 97.0.4692.99, chrome: {chromedriverVersion: 97.0.4692.71 (adefa7837d02a..., userDataDir: C:\Users\lenovo\AppData\Loc...}, goog:chromeOptions: {debuggerAddress: localhost:65137}, javascriptEnabled: true, networkConnectionEnabled: false, pageLoadStrategy: normal, platform: WINDOWS, platformName: WINDOWS, proxy: Proxy(), setWindowRect: true, strictFileInteractability: false, timeouts: {implicit: 0, pageLoad: 300000, script: 30000}, unhandledPromptBehavior: dismiss and notify, webauthn:extension:credBlob: true, webauthn:extension:largeBlob: true, webauthn:virtualAuthenticators: true}
Session ID: a5d1407fb82d45c2e8a9d9a6aa593814
*** Element info: {Using=name, value=user_name}">
      <![CDATA[org.openqa.selenium.NoSuchElementException: no such element: Unable to locate element: {"method":"css selector","selector":"*[name='user_name']"}
  (Session info: chrome=97.0.4692.99)
For documentation on this error, please visit: https://www.seleniumhq.org/exceptions/no_such_element.html
Build info: version: '3.141.59', revision: 'e82be7d358', time: '2018-11-14T08:17:03'
System info: host: 'TARUN', ip: '192.168.131.52', os.name: 'Windows 10', os.arch: 'amd64', os.version: '10.0', java.version: '17'
Driver info: org.openqa.selenium.chrome.ChromeDriver
Capabilities {acceptInsecureCerts: false, browserName: chrome, browserVersion: 97.0.4692.99, chrome: {chromedriverVersion: 97.0.4692.71 (adefa7837d02a..., userDataDir: C:\Users\lenovo\AppData\Loc...}, goog:chromeOptions: {debuggerAddress: localhost:65137}, javascriptEnabled: true, networkConnectionEnabled: false, pageLoadStrategy: normal, platform: WINDOWS, platformName: WINDOWS, proxy: Proxy(), setWindowRect: true, strictFileInteractability: false, timeouts: {implicit: 0, pageLoad: 300000, script: 30000}, unhandledPromptBehavior: dismiss and notify, webauthn:extension:credBlob: true, webauthn:extension:largeBlob: true, webauthn:virtualAuthenticators: true}
Session ID: a5d1407fb82d45c2e8a9d9a6aa593814
*** Element info: {Using=name, value=user_name}
at org.openqa.selenium.remote.http.W3CHttpResponseCodec.createException(W3CHttpResponseCodec.java:187)
at org.openqa.selenium.remote.http.W3CHttpResponseCodec.decode(W3CHttpResponseCodec.java:122)
at org.openqa.selenium.remote.http.W3CHttpResponseCodec.decode(W3CHttpResponseCodec.java:49)
at org.openqa.selenium.remote.HttpCommandExecutor.execute(HttpCommandExecutor.java:158)
at org.openqa.selenium.remote.service.DriverCommandExecutor.execute(DriverCommandExecutor.java:83)
at org.openqa.selenium.remote.RemoteWebDriver.execute(RemoteWebDriver.java:552)
at org.openqa.selenium.remote.RemoteWebDriver.findElement(RemoteWebDriver.java:323)
at org.openqa.selenium.remote.RemoteWebDriver.findElementByName(RemoteWebDriver.java:404)
at org.openqa.selenium.By$ByName.findElement(By.java:284)
at org.openqa.selenium.remote.RemoteWebDriver.findElement(RemoteWebDriver.java:315)
at org.openqa.selenium.support.pagefactory.DefaultElementLocator.findElement(DefaultElementLocator.java:69)
at org.openqa.selenium.support.pagefactory.internal.LocatingElementHandler.invoke(LocatingElementHandler.java:38)
at jdk.proxy2/jdk.proxy2.$Proxy11.sendKeys(Unknown Source)
at com.crm.comcast.objectrepositorylib.Login.loginToApp(Login.java:37)
at com.crm.genericlib.BaseClassAnnotation.configBM(BaseClassAnnotation.java:50)
... Removed 43 stack frames]]>
    </failure>
  </testcase> <!-- @BeforeMethod configBM -->
  <testcase classname="com.crm.genericlib.BaseClassAnnotation" name="@AfterMethod configAM" time="0.0">
    <skipped/>
  </testcase> <!-- @AfterMethod configAM -->
  <testcase classname="com.crm.genericlib.BaseClassAnnotation" name="@AfterClass configAC" time="0.0">
    <skipped/>
  </testcase> <!-- @AfterClass configAC -->
  <testcase classname="com.contact.test.ContactTest" name="createContactTest" time="57.709"/>
  <testcase classname="com.contact.test.ContactTest" name="createcontactwithOrgTest" time="33.503"/>
  <testcase classname="practice.SampleHomePageTest" name="verifyHomePage" time="0.052"/>
  <testcase classname="practice.SampleHomePageTest" name="verifyHomePageLogo" time="0.083"/>
  <testcase classname="practice.SampleRetryAnalyzerTest" name="amazontest" time="0.002">
    <skipped/>
  </testcase> <!-- amazontest -->
  <testcase classname="practice.SampleRetryAnalyzerTest" name="amazontest" time="0.001">
    <skipped/>
  </testcase> <!-- amazontest -->
  <testcase classname="practice.SampleRetryAnalyzerTest" name="amazontest" time="0.001">
    <skipped/>
  </testcase> <!-- amazontest -->
  <testcase classname="practice.SampleRetryAnalyzerTest" name="amazontest" time="0.0">
    <skipped/>
  </testcase> <!-- amazontest -->
  <testcase classname="practice.SampleRetryAnalyzerTest" name="amazontest" time="0.0">
    <skipped/>
  </testcase> <!-- amazontest -->
  <testcase classname="practice.SampleRetryAnalyzerTest" name="amazontest" time="0.001">
    <skipped/>
  </testcase> <!-- amazontest -->
  <testcase classname="practice.SampleRetryAnalyzerTest" name="amazontest" time="0.0">
    <skipped/>
  </testcase> <!-- amazontest -->
  <testcase classname="practice.SampleRetryAnalyzerTest" name="amazontest" time="0.001">
    <skipped/>
  </testcase> <!-- amazontest -->
  <testcase classname="practice.SampleRetryAnalyzerTest" name="amazontest" time="0.0">
    <skipped/>
  </testcase> <!-- amazontest -->
  <testcase classname="practice.SampleRetryAnalyzerTest" name="amazontest" time="0.0">
    <skipped/>
  </testcase> <!-- amazontest -->
</testsuite> <!-- Command line test -->
